<?xml version="1.0" encoding="UTF-8"?>
<!-- Generated by org.testng.reporters.JUnitXMLReporter -->
<testsuite ignored="0" hostname="LAPTOP-VKQJ63A6" failures="0" tests="14" name="Default test" time="326.864" errors="0" timestamp="2021-05-06T20:23:55 EEST">
  <testcase classname="Tests" name="test1" time="17.69"/>
  <testcase classname="Tests" name="test10" time="8.764"/>
  <testcase classname="Tests" name="test11" time="12.762"/>
  <testcase classname="Tests" name="test12" time="10.526"/>
  <testcase classname="Tests" name="test13" time="11.382"/>
  <testcase classname="Tests" name="test14" time="12.637"/>
  <testcase classname="Tests" name="test2" time="37.278"/>
  <testcase classname="Tests" name="test3" time="36.541"/>
  <testcase classname="Tests" name="test4" time="13.637"/>
  <testcase classname="Tests" name="test5" time="12.537"/>
  <testcase classname="Tests" name="test6" time="37.813"/>
  <testcase classname="Tests" name="test7" time="38.773"/>
  <testcase classname="Tests" name="test8" time="35.389"/>
  <testcase classname="Tests" name="test9" time="37.975"/>
</testsuite> <!-- Default test -->
